<?xml version="1.0" encoding="utf-8"?><testsuites name="pytest tests"><testsuite name="pytest" errors="0" failures="0" skipped="0" tests="27" time="5.826" timestamp="2026-04-20T04:06:07.933494+00:00" hostname="agent-env-ebe380df-3134-4c11-90de-460737bf3b79"><testcase classname="backend.tests.test_backend.TestAuth" name="test_register_duplicate_username" time="0.715" /><testcase classname="backend.tests.test_backend.TestAuth" name="test_login_success" time="0.351" /><testcase classname="backend.tests.test_backend.TestAuth" name="test_login_invalid" time="0.113" /><testcase classname="backend.tests.test_backend.TestAuth" name="test_me_with_token" time="0.106" /><testcase classname="backend.tests.test_backend.TestAuth" name="test_me_without_token" time="0.136" /><testcase classname="backend.tests.test_backend.TestAuth" name="test_logout_blacklists_token" time="0.795" /><testcase classname="backend.tests.test_backend.TestEvents" name="test_create_event" time="0.189" /><testcase classname="backend.tests.test_backend.TestEvents" name="test_create_event_unauthenticated" time="0.111" /><testcase classname="backend.tests.test_backend.TestEvents" name="test_get_event" time="0.110" /><testcase classname="backend.tests.test_backend.TestEvents" name="test_get_event_404" time="0.103" /><testcase classname="backend.tests.test_backend.TestEvents" name="test_list_events" time="0.103" /><testcase classname="backend.tests.test_backend.TestEvents" name="test_list_events_category_filter" time="0.113" /><testcase classname="backend.tests.test_backend.TestEvents" name="test_list_events_city_filter" time="0.112" /><testcase classname="backend.tests.test_backend.TestEvents" name="test_update_event_by_organizer" time="0.230" /><testcase classname="backend.tests.test_backend.TestEvents" name="test_update_event_forbidden_other_user" time="0.603" /><testcase classname="backend.tests.test_backend.TestNearby" name="test_nearby_public" time="0.123" /><testcase classname="backend.tests.test_backend.TestNearby" name="test_nearby_authenticated" time="0.156" /><testcase classname="backend.tests.test_backend.TestSignups" name="test_signup_success" time="0.122" /><testcase classname="backend.tests.test_backend.TestSignups" name="test_my_signup_true" time="0.108" /><testcase classname="backend.tests.test_backend.TestSignups" name="test_double_signup_400" time="0.114" /><testcase classname="backend.tests.test_backend.TestSignups" name="test_signups_list_organizer" time="0.105" /><testcase classname="backend.tests.test_backend.TestSignups" name="test_signups_list_forbidden" time="0.106" /><testcase classname="backend.tests.test_backend.TestSignups" name="test_cancel_signup" time="0.216" /><testcase classname="backend.tests.test_backend.TestMeEvents" name="test_my_created" time="0.119" /><testcase classname="backend.tests.test_backend.TestMeEvents" name="test_my_signedup_empty_after_cancel" time="0.131" /><testcase classname="backend.tests.test_backend.TestDeleteAndGeo" name="test_delete_event" time="0.237" /><testcase classname="backend.tests.test_backend.TestDeleteAndGeo" name="test_geo_reverse" time="0.303" /></testsuite></testsuites>